[debug] [2026-04-29T22:00:40.267Z] ----------------------------------------------------------------------
[debug] [2026-04-29T22:00:40.268Z] Command:       /usr/local/bin/node /usr/local/bin/firebase init
[debug] [2026-04-29T22:00:40.268Z] CLI Version:   14.19.1
[debug] [2026-04-29T22:00:40.268Z] Platform:      darwin
[debug] [2026-04-29T22:00:40.268Z] Node Version:  v22.19.0
[debug] [2026-04-29T22:00:40.268Z] Time:          Wed Apr 29 2026 17:00:40 GMT-0500 (Central Daylight Time)
[debug] [2026-04-29T22:00:40.268Z] ----------------------------------------------------------------------
[debug] 
[info] 
     ######## #### ########  ######## ########     ###     ######  ########
     ##        ##  ##     ## ##       ##     ##  ##   ##  ##       ##
     ######    ##  ########  ######   ########  #########  ######  ######
     ##        ##  ##    ##  ##       ##     ## ##     ##       ## ##
     ##       #### ##     ## ######## ########  ##     ##  ######  ########

You're about to initialize a Firebase project in this directory:

  /Users/avacrowley

Before we get started, keep in mind:

  * You are initializing within an existing Firebase project directory

[info] 
=== Project Setup
[info] 
[info] First, let's associate this project directory with a Firebase project.
[info] You can create multiple project aliases by running firebase use --add, 
[info] 
[debug] [2026-04-29T22:02:12.702Z] > command requires scopes: ["email","openid","https://www.googleapis.com/auth/cloudplatformprojects.readonly","https://www.googleapis.com/auth/firebase","https://www.googleapis.com/auth/cloud-platform"]
[debug] [2026-04-29T22:02:12.704Z] > authorizing via signed-in user (avacrowley65@gmail.com)
[debug] [2026-04-29T22:02:12.707Z] Checked if tokens are valid: true, expires at: 1777501874857
[debug] [2026-04-29T22:02:12.707Z] Checked if tokens are valid: true, expires at: 1777501874857
[debug] [2026-04-29T22:02:12.710Z] >>> [apiv2][query] GET https://firebase.googleapis.com/v1beta1/projects/is424-project-26 [none]
[debug] [2026-04-29T22:02:13.184Z] <<< [apiv2][status] GET https://firebase.googleapis.com/v1beta1/projects/is424-project-26 200
[debug] [2026-04-29T22:02:13.184Z] <<< [apiv2][body] GET https://firebase.googleapis.com/v1beta1/projects/is424-project-26 {"projectId":"is424-project-26","projectNumber":"894850476435","displayName":"is424-project-26","name":"projects/is424-project-26","resources":{"hostingSite":"is424-project-26"},"state":"ACTIVE","etag":"1_ae770e9f-7ff9-427d-8001-a90dce0f0fea"}
[info] i  Using project is424-project-26 (is424-project-26) . 
[info] 
=== Hosting Setup
[debug] [2026-04-29T22:02:13.289Z] Checked if tokens are valid: true, expires at: 1777501874857
[debug] [2026-04-29T22:02:13.290Z] Checked if tokens are valid: true, expires at: 1777501874857
[debug] [2026-04-29T22:02:13.290Z] >>> [apiv2][query] GET https://firebase.googleapis.com/v1beta1/projects/is424-project-26 [none]
[debug] [2026-04-29T22:02:13.443Z] <<< [apiv2][status] GET https://firebase.googleapis.com/v1beta1/projects/is424-project-26 200
[debug] [2026-04-29T22:02:13.444Z] <<< [apiv2][body] GET https://firebase.googleapis.com/v1beta1/projects/is424-project-26 {"projectId":"is424-project-26","projectNumber":"894850476435","displayName":"is424-project-26","name":"projects/is424-project-26","resources":{"hostingSite":"is424-project-26"},"state":"ACTIVE","etag":"1_ae770e9f-7ff9-427d-8001-a90dce0f0fea"}
[info] 
[info] Your public directory is the folder (relative to your project directory) that
[info] will contain Hosting assets to be uploaded with firebase deploy. If you
[info] have a build process for your assets, use your build's output directory.
[info] 
